<?xml version="1.0" encoding="UTF-8"?>
<testsuite name="ru.stqa.pft.addressbook.tests.ContactCreationTests" tests="4" skipped="0" failures="0" errors="0" timestamp="2022-06-03T15:44:22" hostname="WIN-5BM3HSVULC6" time="28.807">
  <properties/>
  <testcase name="testContactCreation[0](ContactData{id='0', firstName='FirstName_1'})" classname="ru.stqa.pft.addressbook.tests.ContactCreationTests" time="10.037"/>
  <testcase name="testContactCreation[1](ContactData{id='0', firstName='FirstName_2'})" classname="ru.stqa.pft.addressbook.tests.ContactCreationTests" time="6.131"/>
  <testcase name="testContactCreation[2](ContactData{id='0', firstName='FirstName_3'})" classname="ru.stqa.pft.addressbook.tests.ContactCreationTests" time="6.241"/>
  <testcase name="testContactCreation[3](ContactData{id='0', firstName='FirstName_4'})" classname="ru.stqa.pft.addressbook.tests.ContactCreationTests" time="6.395"/>
  <system-out><![CDATA[]]></system-out>
  <system-err><![CDATA[]]></system-err>
</testsuite>
