<?xml version="1.0" encoding="UTF-8"?>
<testsuite name="ru.stqa.pft.addressbook.tests.ContactModificationTests" tests="1" skipped="0" failures="0" errors="0" timestamp="2022-06-25T17:01:26" hostname="WIN-5BM3HSVULC6" time="2.059">
  <properties/>
  <testcase name="testContactModification" classname="ru.stqa.pft.addressbook.tests.ContactModificationTests" time="2.059"/>
  <system-out><![CDATA[21:01:26.877 [Test worker] INFO  r.s.pft.addressbook.tests.TestBase - Start test testContactModificationwith parameters[]
Hibernate: 
    select
        c1_0.id,
        c1_0.address,
        c1_0.address2,
        c1_0.bday,
        c1_0.bmonth,
        c1_0.byear,
        c1_0.email,
        c1_0.email2,
        c1_0.email3,
        c1_0.firstName,
        c1_0.home,
        c1_0.lastName,
        c1_0.mobile,
        c1_0.nickname,
        c1_0.work 
    from
        addressbook c1_0 
    where
        date_format('deprecated','%d %M %Y') is null
Hibernate: 
    select
        g1_0.id,
        g1_1.group_id,
        g1_1.group_footer,
        g1_1.group_header,
        g1_1.group_name 
    from
        address_in_groups g1_0 
    join
        group_list g1_1 
            on g1_1.group_id=g1_0.group_id 
    where
        g1_0.id=?
Hibernate: 
    select
        g1_0.id,
        g1_1.group_id,
        g1_1.group_footer,
        g1_1.group_header,
        g1_1.group_name 
    from
        address_in_groups g1_0 
    join
        group_list g1_1 
            on g1_1.group_id=g1_0.group_id 
    where
        g1_0.id=?
Hibernate: 
    select
        c1_0.id,
        c1_0.address,
        c1_0.address2,
        c1_0.bday,
        c1_0.bmonth,
        c1_0.byear,
        c1_0.email,
        c1_0.email2,
        c1_0.email3,
        c1_0.firstName,
        c1_0.home,
        c1_0.lastName,
        c1_0.mobile,
        c1_0.nickname,
        c1_0.work 
    from
        addressbook c1_0 
    where
        date_format('deprecated','%d %M %Y') is null
Hibernate: 
    select
        g1_0.id,
        g1_1.group_id,
        g1_1.group_footer,
        g1_1.group_header,
        g1_1.group_name 
    from
        address_in_groups g1_0 
    join
        group_list g1_1 
            on g1_1.group_id=g1_0.group_id 
    where
        g1_0.id=?
Hibernate: 
    select
        g1_0.id,
        g1_1.group_id,
        g1_1.group_footer,
        g1_1.group_header,
        g1_1.group_name 
    from
        address_in_groups g1_0 
    join
        group_list g1_1 
            on g1_1.group_id=g1_0.group_id 
    where
        g1_0.id=?
Hibernate: 
    select
        c1_0.id,
        c1_0.address,
        c1_0.address2,
        c1_0.bday,
        c1_0.bmonth,
        c1_0.byear,
        c1_0.email,
        c1_0.email2,
        c1_0.email3,
        c1_0.firstName,
        c1_0.home,
        c1_0.lastName,
        c1_0.mobile,
        c1_0.nickname,
        c1_0.work 
    from
        addressbook c1_0 
    where
        date_format('deprecated','%d %M %Y') is null
Hibernate: 
    select
        g1_0.id,
        g1_1.group_id,
        g1_1.group_footer,
        g1_1.group_header,
        g1_1.group_name 
    from
        address_in_groups g1_0 
    join
        group_list g1_1 
            on g1_1.group_id=g1_0.group_id 
    where
        g1_0.id=?
Hibernate: 
    select
        g1_0.id,
        g1_1.group_id,
        g1_1.group_footer,
        g1_1.group_header,
        g1_1.group_name 
    from
        address_in_groups g1_0 
    join
        group_list g1_1 
            on g1_1.group_id=g1_0.group_id 
    where
        g1_0.id=?
21:01:28.949 [Test worker] INFO  r.s.pft.addressbook.tests.TestBase - Stop test testContactModification
]]></system-out>
  <system-err><![CDATA[]]></system-err>
</testsuite>
