<?xml version="1.0" encoding="UTF-8"?>
<testsuite name="ru.stqa.pft.addressbook.tests.HbConnectionTestForContacts" tests="1" skipped="0" failures="0" errors="0" timestamp="2022-06-25T17:01:32" hostname="WIN-5BM3HSVULC6" time="0.01">
  <properties/>
  <testcase name="testHbConnection" classname="ru.stqa.pft.addressbook.tests.HbConnectionTestForContacts" time="0.01"/>
  <system-out><![CDATA[Hibernate: 
    select
        c1_0.id,
        c1_0.address,
        c1_0.address2,
        c1_0.bday,
        c1_0.bmonth,
        c1_0.byear,
        c1_0.email,
        c1_0.email2,
        c1_0.email3,
        c1_0.firstName,
        c1_0.home,
        c1_0.lastName,
        c1_0.mobile,
        c1_0.nickname,
        c1_0.work 
    from
        addressbook c1_0 
    where
        date_format('deprecated','%d %M %Y') is null
Hibernate: 
    select
        g1_0.id,
        g1_1.group_id,
        g1_1.group_footer,
        g1_1.group_header,
        g1_1.group_name 
    from
        address_in_groups g1_0 
    join
        group_list g1_1 
            on g1_1.group_id=g1_0.group_id 
    where
        g1_0.id=?
Hibernate: 
    select
        g1_0.id,
        g1_1.group_id,
        g1_1.group_footer,
        g1_1.group_header,
        g1_1.group_name 
    from
        address_in_groups g1_0 
    join
        group_list g1_1 
            on g1_1.group_id=g1_0.group_id 
    where
        g1_0.id=?
ContactData{id=192, firstName='TestName 0/', lastName='LastName', nickname='testing', photo='', address='Testing', homePhone='+73333333333', mobile='+79999999999', workPhone='+74444444444', email='test@test.test', email2='test2@test.test', email3='test3@test.test', birthdayDay='17', birthdayMonth='January', birthdayYear='1990', address2='Testing2'}
[]
ContactData{id=193, firstName='TestName 49/', lastName='LastName', nickname='testing', photo='', address='Testing', homePhone='+73333333333', mobile='+79999999999', workPhone='+74444444444', email='test@test.test', email2='test2@test.test', email3='test3@test.test', birthdayDay='17', birthdayMonth='January', birthdayYear='1990', address2='Testing2'}
[]
]]></system-out>
  <system-err><![CDATA[]]></system-err>
</testsuite>
