<?xml version="1.0" encoding="UTF-8"?>
<testsuite name="ru.stqa.pft.addressbook.tests.ContactCreationTests" tests="4" skipped="0" failures="0" errors="0" timestamp="2022-06-26T08:54:08" hostname="WIN-5BM3HSVULC6" time="8.006">
  <properties/>
  <testcase name="testContactCreation[0](ContactData{id=2147483647, firstName='FirstName_1', lastName='LastName_1', nickname='Nickname_1', photo='', address='Address_1', homePhone='+73333333333', mobile='+79999999999', workPhone='+78888888888', email='Test1@mail.ru', email2='', email3='', birthdayDay='1', birthdayMonth='January', birthdayYear='1990', address2='TestAddress2_1'})" classname="ru.stqa.pft.addressbook.tests.ContactCreationTests" time="2.487"/>
  <testcase name="testContactCreation[1](ContactData{id=2147483647, firstName='FirstName_2', lastName='LastName_2', nickname='Nickname_2', photo='', address='Address_2', homePhone='+73333333333', mobile='+79999999999', workPhone='+78888888888', email='Test2@mail.ru', email2='', email3='', birthdayDay='2', birthdayMonth='January', birthdayYear='1990', address2='TestAddress2_2'})" classname="ru.stqa.pft.addressbook.tests.ContactCreationTests" time="1.859"/>
  <testcase name="testContactCreation[2](ContactData{id=2147483647, firstName='FirstName_3', lastName='LastName_3', nickname='Nickname_3', photo='', address='Address_3', homePhone='+73333333333', mobile='+79999999999', workPhone='+78888888888', email='Test3@mail.ru', email2='', email3='', birthdayDay='3', birthdayMonth='January', birthdayYear='1990', address2='TestAddress2_3'})" classname="ru.stqa.pft.addressbook.tests.ContactCreationTests" time="1.79"/>
  <testcase name="testContactCreation[3](ContactData{id=2147483647, firstName='FirstName_4', lastName='LastName_4', nickname='Nickname_4', photo='', address='Address_4', homePhone='+73333333333', mobile='+79999999999', workPhone='+78888888888', email='Test4@mail.ru', email2='', email3='', birthdayDay='4', birthdayMonth='January', birthdayYear='1990', address2='TestAddress2_4'})" classname="ru.stqa.pft.addressbook.tests.ContactCreationTests" time="1.851"/>
  <system-out><![CDATA[12:54:08.377 [Test worker] INFO  r.s.pft.addressbook.tests.TestBase - Start test testContactCreationwith parameters[ContactData{id=2147483647, firstName='FirstName_1', lastName='LastName_1', nickname='Nickname_1', photo='', address='Address_1', homePhone='+73333333333', mobile='+79999999999', workPhone='+78888888888', email='Test1@mail.ru', email2='', email3='', birthdayDay='1', birthdayMonth='January', birthdayYear='1990', address2='TestAddress2_1'}]
Hibernate: 
    select
        g1_0.group_id,
        g1_0.group_footer,
        g1_0.group_header,
        g1_0.group_name 
    from
        group_list g1_0
Hibernate: 
    select
        g1_0.group_id,
        g1_0.group_footer,
        g1_0.group_header,
        g1_0.group_name 
    from
        group_list g1_0
Hibernate: 
    select
        c1_0.id,
        c1_0.address,
        c1_0.address2,
        c1_0.bday,
        c1_0.bmonth,
        c1_0.byear,
        c1_0.email,
        c1_0.email2,
        c1_0.email3,
        c1_0.firstName,
        c1_0.home,
        c1_0.lastName,
        c1_0.mobile,
        c1_0.nickname,
        c1_0.work 
    from
        addressbook c1_0 
    where
        date_format('deprecated','%d %M %Y') is null
Hibernate: 
    select
        g1_0.id,
        g1_1.group_id,
        g1_1.group_footer,
        g1_1.group_header,
        g1_1.group_name 
    from
        address_in_groups g1_0 
    join
        group_list g1_1 
            on g1_1.group_id=g1_0.group_id 
    where
        g1_0.id=?
Hibernate: 
    select
        g1_0.id,
        g1_1.group_id,
        g1_1.group_footer,
        g1_1.group_header,
        g1_1.group_name 
    from
        address_in_groups g1_0 
    join
        group_list g1_1 
            on g1_1.group_id=g1_0.group_id 
    where
        g1_0.id=?
Hibernate: 
    select
        c1_0.id,
        c1_0.address,
        c1_0.address2,
        c1_0.bday,
        c1_0.bmonth,
        c1_0.byear,
        c1_0.email,
        c1_0.email2,
        c1_0.email3,
        c1_0.firstName,
        c1_0.home,
        c1_0.lastName,
        c1_0.mobile,
        c1_0.nickname,
        c1_0.work 
    from
        addressbook c1_0 
    where
        date_format('deprecated','%d %M %Y') is null
Hibernate: 
    select
        g1_0.id,
        g1_1.group_id,
        g1_1.group_footer,
        g1_1.group_header,
        g1_1.group_name 
    from
        address_in_groups g1_0 
    join
        group_list g1_1 
            on g1_1.group_id=g1_0.group_id 
    where
        g1_0.id=?
Hibernate: 
    select
        g1_0.id,
        g1_1.group_id,
        g1_1.group_footer,
        g1_1.group_header,
        g1_1.group_name 
    from
        address_in_groups g1_0 
    join
        group_list g1_1 
            on g1_1.group_id=g1_0.group_id 
    where
        g1_0.id=?
Hibernate: 
    select
        g1_0.id,
        g1_1.group_id,
        g1_1.group_footer,
        g1_1.group_header,
        g1_1.group_name 
    from
        address_in_groups g1_0 
    join
        group_list g1_1 
            on g1_1.group_id=g1_0.group_id 
    where
        g1_0.id=?
12:54:11.207 [Test worker] INFO  r.s.pft.addressbook.tests.TestBase - Stop test testContactCreation
12:54:11.208 [Test worker] INFO  r.s.pft.addressbook.tests.TestBase - Start test testContactCreationwith parameters[ContactData{id=2147483647, firstName='FirstName_2', lastName='LastName_2', nickname='Nickname_2', photo='', address='Address_2', homePhone='+73333333333', mobile='+79999999999', workPhone='+78888888888', email='Test2@mail.ru', email2='', email3='', birthdayDay='2', birthdayMonth='January', birthdayYear='1990', address2='TestAddress2_2'}]
Hibernate: 
    select
        g1_0.group_id,
        g1_0.group_footer,
        g1_0.group_header,
        g1_0.group_name 
    from
        group_list g1_0
Hibernate: 
    select
        g1_0.group_id,
        g1_0.group_footer,
        g1_0.group_header,
        g1_0.group_name 
    from
        group_list g1_0
Hibernate: 
    select
        c1_0.id,
        c1_0.address,
        c1_0.address2,
        c1_0.bday,
        c1_0.bmonth,
        c1_0.byear,
        c1_0.email,
        c1_0.email2,
        c1_0.email3,
        c1_0.firstName,
        c1_0.home,
        c1_0.lastName,
        c1_0.mobile,
        c1_0.nickname,
        c1_0.work 
    from
        addressbook c1_0 
    where
        date_format('deprecated','%d %M %Y') is null
Hibernate: 
    select
        g1_0.id,
        g1_1.group_id,
        g1_1.group_footer,
        g1_1.group_header,
        g1_1.group_name 
    from
        address_in_groups g1_0 
    join
        group_list g1_1 
            on g1_1.group_id=g1_0.group_id 
    where
        g1_0.id=?
Hibernate: 
    select
        g1_0.id,
        g1_1.group_id,
        g1_1.group_footer,
        g1_1.group_header,
        g1_1.group_name 
    from
        address_in_groups g1_0 
    join
        group_list g1_1 
            on g1_1.group_id=g1_0.group_id 
    where
        g1_0.id=?
Hibernate: 
    select
        g1_0.id,
        g1_1.group_id,
        g1_1.group_footer,
        g1_1.group_header,
        g1_1.group_name 
    from
        address_in_groups g1_0 
    join
        group_list g1_1 
            on g1_1.group_id=g1_0.group_id 
    where
        g1_0.id=?
Hibernate: 
    select
        c1_0.id,
        c1_0.address,
        c1_0.address2,
        c1_0.bday,
        c1_0.bmonth,
        c1_0.byear,
        c1_0.email,
        c1_0.email2,
        c1_0.email3,
        c1_0.firstName,
        c1_0.home,
        c1_0.lastName,
        c1_0.mobile,
        c1_0.nickname,
        c1_0.work 
    from
        addressbook c1_0 
    where
        date_format('deprecated','%d %M %Y') is null
Hibernate: 
    select
        g1_0.id,
        g1_1.group_id,
        g1_1.group_footer,
        g1_1.group_header,
        g1_1.group_name 
    from
        address_in_groups g1_0 
    join
        group_list g1_1 
            on g1_1.group_id=g1_0.group_id 
    where
        g1_0.id=?
Hibernate: 
    select
        g1_0.id,
        g1_1.group_id,
        g1_1.group_footer,
        g1_1.group_header,
        g1_1.group_name 
    from
        address_in_groups g1_0 
    join
        group_list g1_1 
            on g1_1.group_id=g1_0.group_id 
    where
        g1_0.id=?
Hibernate: 
    select
        g1_0.id,
        g1_1.group_id,
        g1_1.group_footer,
        g1_1.group_header,
        g1_1.group_name 
    from
        address_in_groups g1_0 
    join
        group_list g1_1 
            on g1_1.group_id=g1_0.group_id 
    where
        g1_0.id=?
Hibernate: 
    select
        g1_0.id,
        g1_1.group_id,
        g1_1.group_footer,
        g1_1.group_header,
        g1_1.group_name 
    from
        address_in_groups g1_0 
    join
        group_list g1_1 
            on g1_1.group_id=g1_0.group_id 
    where
        g1_0.id=?
12:54:13.071 [Test worker] INFO  r.s.pft.addressbook.tests.TestBase - Stop test testContactCreation
12:54:13.072 [Test worker] INFO  r.s.pft.addressbook.tests.TestBase - Start test testContactCreationwith parameters[ContactData{id=2147483647, firstName='FirstName_3', lastName='LastName_3', nickname='Nickname_3', photo='', address='Address_3', homePhone='+73333333333', mobile='+79999999999', workPhone='+78888888888', email='Test3@mail.ru', email2='', email3='', birthdayDay='3', birthdayMonth='January', birthdayYear='1990', address2='TestAddress2_3'}]
Hibernate: 
    select
        g1_0.group_id,
        g1_0.group_footer,
        g1_0.group_header,
        g1_0.group_name 
    from
        group_list g1_0
Hibernate: 
    select
        g1_0.group_id,
        g1_0.group_footer,
        g1_0.group_header,
        g1_0.group_name 
    from
        group_list g1_0
Hibernate: 
    select
        c1_0.id,
        c1_0.address,
        c1_0.address2,
        c1_0.bday,
        c1_0.bmonth,
        c1_0.byear,
        c1_0.email,
        c1_0.email2,
        c1_0.email3,
        c1_0.firstName,
        c1_0.home,
        c1_0.lastName,
        c1_0.mobile,
        c1_0.nickname,
        c1_0.work 
    from
        addressbook c1_0 
    where
        date_format('deprecated','%d %M %Y') is null
Hibernate: 
    select
        g1_0.id,
        g1_1.group_id,
        g1_1.group_footer,
        g1_1.group_header,
        g1_1.group_name 
    from
        address_in_groups g1_0 
    join
        group_list g1_1 
            on g1_1.group_id=g1_0.group_id 
    where
        g1_0.id=?
Hibernate: 
    select
        g1_0.id,
        g1_1.group_id,
        g1_1.group_footer,
        g1_1.group_header,
        g1_1.group_name 
    from
        address_in_groups g1_0 
    join
        group_list g1_1 
            on g1_1.group_id=g1_0.group_id 
    where
        g1_0.id=?
Hibernate: 
    select
        g1_0.id,
        g1_1.group_id,
        g1_1.group_footer,
        g1_1.group_header,
        g1_1.group_name 
    from
        address_in_groups g1_0 
    join
        group_list g1_1 
            on g1_1.group_id=g1_0.group_id 
    where
        g1_0.id=?
Hibernate: 
    select
        g1_0.id,
        g1_1.group_id,
        g1_1.group_footer,
        g1_1.group_header,
        g1_1.group_name 
    from
        address_in_groups g1_0 
    join
        group_list g1_1 
            on g1_1.group_id=g1_0.group_id 
    where
        g1_0.id=?
Hibernate: 
    select
        c1_0.id,
        c1_0.address,
        c1_0.address2,
        c1_0.bday,
        c1_0.bmonth,
        c1_0.byear,
        c1_0.email,
        c1_0.email2,
        c1_0.email3,
        c1_0.firstName,
        c1_0.home,
        c1_0.lastName,
        c1_0.mobile,
        c1_0.nickname,
        c1_0.work 
    from
        addressbook c1_0 
    where
        date_format('deprecated','%d %M %Y') is null
Hibernate: 
    select
        g1_0.id,
        g1_1.group_id,
        g1_1.group_footer,
        g1_1.group_header,
        g1_1.group_name 
    from
        address_in_groups g1_0 
    join
        group_list g1_1 
            on g1_1.group_id=g1_0.group_id 
    where
        g1_0.id=?
Hibernate: 
    select
        g1_0.id,
        g1_1.group_id,
        g1_1.group_footer,
        g1_1.group_header,
        g1_1.group_name 
    from
        address_in_groups g1_0 
    join
        group_list g1_1 
            on g1_1.group_id=g1_0.group_id 
    where
        g1_0.id=?
Hibernate: 
    select
        g1_0.id,
        g1_1.group_id,
        g1_1.group_footer,
        g1_1.group_header,
        g1_1.group_name 
    from
        address_in_groups g1_0 
    join
        group_list g1_1 
            on g1_1.group_id=g1_0.group_id 
    where
        g1_0.id=?
Hibernate: 
    select
        g1_0.id,
        g1_1.group_id,
        g1_1.group_footer,
        g1_1.group_header,
        g1_1.group_name 
    from
        address_in_groups g1_0 
    join
        group_list g1_1 
            on g1_1.group_id=g1_0.group_id 
    where
        g1_0.id=?
Hibernate: 
    select
        g1_0.id,
        g1_1.group_id,
        g1_1.group_footer,
        g1_1.group_header,
        g1_1.group_name 
    from
        address_in_groups g1_0 
    join
        group_list g1_1 
            on g1_1.group_id=g1_0.group_id 
    where
        g1_0.id=?
12:54:14.867 [Test worker] INFO  r.s.pft.addressbook.tests.TestBase - Stop test testContactCreation
12:54:14.868 [Test worker] INFO  r.s.pft.addressbook.tests.TestBase - Start test testContactCreationwith parameters[ContactData{id=2147483647, firstName='FirstName_4', lastName='LastName_4', nickname='Nickname_4', photo='', address='Address_4', homePhone='+73333333333', mobile='+79999999999', workPhone='+78888888888', email='Test4@mail.ru', email2='', email3='', birthdayDay='4', birthdayMonth='January', birthdayYear='1990', address2='TestAddress2_4'}]
Hibernate: 
    select
        g1_0.group_id,
        g1_0.group_footer,
        g1_0.group_header,
        g1_0.group_name 
    from
        group_list g1_0
Hibernate: 
    select
        g1_0.group_id,
        g1_0.group_footer,
        g1_0.group_header,
        g1_0.group_name 
    from
        group_list g1_0
Hibernate: 
    select
        c1_0.id,
        c1_0.address,
        c1_0.address2,
        c1_0.bday,
        c1_0.bmonth,
        c1_0.byear,
        c1_0.email,
        c1_0.email2,
        c1_0.email3,
        c1_0.firstName,
        c1_0.home,
        c1_0.lastName,
        c1_0.mobile,
        c1_0.nickname,
        c1_0.work 
    from
        addressbook c1_0 
    where
        date_format('deprecated','%d %M %Y') is null
Hibernate: 
    select
        g1_0.id,
        g1_1.group_id,
        g1_1.group_footer,
        g1_1.group_header,
        g1_1.group_name 
    from
        address_in_groups g1_0 
    join
        group_list g1_1 
            on g1_1.group_id=g1_0.group_id 
    where
        g1_0.id=?
Hibernate: 
    select
        g1_0.id,
        g1_1.group_id,
        g1_1.group_footer,
        g1_1.group_header,
        g1_1.group_name 
    from
        address_in_groups g1_0 
    join
        group_list g1_1 
            on g1_1.group_id=g1_0.group_id 
    where
        g1_0.id=?
Hibernate: 
    select
        g1_0.id,
        g1_1.group_id,
        g1_1.group_footer,
        g1_1.group_header,
        g1_1.group_name 
    from
        address_in_groups g1_0 
    join
        group_list g1_1 
            on g1_1.group_id=g1_0.group_id 
    where
        g1_0.id=?
Hibernate: 
    select
        g1_0.id,
        g1_1.group_id,
        g1_1.group_footer,
        g1_1.group_header,
        g1_1.group_name 
    from
        address_in_groups g1_0 
    join
        group_list g1_1 
            on g1_1.group_id=g1_0.group_id 
    where
        g1_0.id=?
Hibernate: 
    select
        g1_0.id,
        g1_1.group_id,
        g1_1.group_footer,
        g1_1.group_header,
        g1_1.group_name 
    from
        address_in_groups g1_0 
    join
        group_list g1_1 
            on g1_1.group_id=g1_0.group_id 
    where
        g1_0.id=?
Hibernate: 
    select
        c1_0.id,
        c1_0.address,
        c1_0.address2,
        c1_0.bday,
        c1_0.bmonth,
        c1_0.byear,
        c1_0.email,
        c1_0.email2,
        c1_0.email3,
        c1_0.firstName,
        c1_0.home,
        c1_0.lastName,
        c1_0.mobile,
        c1_0.nickname,
        c1_0.work 
    from
        addressbook c1_0 
    where
        date_format('deprecated','%d %M %Y') is null
Hibernate: 
    select
        g1_0.id,
        g1_1.group_id,
        g1_1.group_footer,
        g1_1.group_header,
        g1_1.group_name 
    from
        address_in_groups g1_0 
    join
        group_list g1_1 
            on g1_1.group_id=g1_0.group_id 
    where
        g1_0.id=?
Hibernate: 
    select
        g1_0.id,
        g1_1.group_id,
        g1_1.group_footer,
        g1_1.group_header,
        g1_1.group_name 
    from
        address_in_groups g1_0 
    join
        group_list g1_1 
            on g1_1.group_id=g1_0.group_id 
    where
        g1_0.id=?
Hibernate: 
    select
        g1_0.id,
        g1_1.group_id,
        g1_1.group_footer,
        g1_1.group_header,
        g1_1.group_name 
    from
        address_in_groups g1_0 
    join
        group_list g1_1 
            on g1_1.group_id=g1_0.group_id 
    where
        g1_0.id=?
Hibernate: 
    select
        g1_0.id,
        g1_1.group_id,
        g1_1.group_footer,
        g1_1.group_header,
        g1_1.group_name 
    from
        address_in_groups g1_0 
    join
        group_list g1_1 
            on g1_1.group_id=g1_0.group_id 
    where
        g1_0.id=?
Hibernate: 
    select
        g1_0.id,
        g1_1.group_id,
        g1_1.group_footer,
        g1_1.group_header,
        g1_1.group_name 
    from
        address_in_groups g1_0 
    join
        group_list g1_1 
            on g1_1.group_id=g1_0.group_id 
    where
        g1_0.id=?
Hibernate: 
    select
        g1_0.id,
        g1_1.group_id,
        g1_1.group_footer,
        g1_1.group_header,
        g1_1.group_name 
    from
        address_in_groups g1_0 
    join
        group_list g1_1 
            on g1_1.group_id=g1_0.group_id 
    where
        g1_0.id=?
12:54:16.723 [Test worker] INFO  r.s.pft.addressbook.tests.TestBase - Stop test testContactCreation
]]></system-out>
  <system-err><![CDATA[]]></system-err>
</testsuite>
