<?xml version="1.0" encoding="UTF-8"?>
<testsuite name="ru.stqa.pft.addressbook.tests.GroupModificationTests" tests="1" skipped="0" failures="0" errors="0" timestamp="2022-06-25T17:01:31" hostname="WIN-5BM3HSVULC6" time="0.784">
  <properties/>
  <testcase name="testGroupModification" classname="ru.stqa.pft.addressbook.tests.GroupModificationTests" time="0.784"/>
  <system-out><![CDATA[21:01:31.139 [Test worker] INFO  r.s.pft.addressbook.tests.TestBase - Start test testGroupModificationwith parameters[]
Hibernate: 
    select
        g1_0.group_id,
        g1_0.group_footer,
        g1_0.group_header,
        g1_0.group_name 
    from
        group_list g1_0
Hibernate: 
    select
        g1_0.group_id,
        g1_0.group_footer,
        g1_0.group_header,
        g1_0.group_name 
    from
        group_list g1_0
Hibernate: 
    select
        g1_0.group_id,
        g1_0.group_footer,
        g1_0.group_header,
        g1_0.group_name 
    from
        group_list g1_0
21:01:32.079 [Test worker] INFO  r.s.pft.addressbook.tests.TestBase - Stop test testGroupModification
]]></system-out>
  <system-err><![CDATA[]]></system-err>
</testsuite>
