<?xml version="1.0" encoding="UTF-8"?>
<testsuite name="ru.stqa.pft.addressbook.tests.HbConnectionTestForGroups" tests="1" skipped="0" failures="0" errors="0" timestamp="2022-06-25T17:01:32" hostname="WIN-5BM3HSVULC6" time="0.004">
  <properties/>
  <testcase name="testHbConnection" classname="ru.stqa.pft.addressbook.tests.HbConnectionTestForGroups" time="0.004"/>
  <system-out><![CDATA[Hibernate: 
    select
        g1_0.group_id,
        g1_0.group_footer,
        g1_0.group_header,
        g1_0.group_name 
    from
        group_list g1_0
GroupData{id='198', name='TestName 79/'}
GroupData{id='199', name='TestName_1'}
]]></system-out>
  <system-err><![CDATA[]]></system-err>
</testsuite>
